mode: set
github.com/Iwark/spreadsheet/spreadsheet.go:56.42,58.2 1 1
github.com/Iwark/spreadsheet/spreadsheet.go:85.56,86.14 1 1
github.com/Iwark/spreadsheet/spreadsheet.go:90.2,90.21 1 1
github.com/Iwark/spreadsheet/spreadsheet.go:94.2,94.21 1 1
github.com/Iwark/spreadsheet/spreadsheet.go:98.2,98.20 1 1
github.com/Iwark/spreadsheet/spreadsheet.go:102.2,102.21 1 1
github.com/Iwark/spreadsheet/spreadsheet.go:106.2,109.16 4 1
github.com/Iwark/spreadsheet/spreadsheet.go:112.2,112.24 1 1
github.com/Iwark/spreadsheet/spreadsheet.go:86.14,88.3 1 0
github.com/Iwark/spreadsheet/spreadsheet.go:90.21,92.3 1 0
github.com/Iwark/spreadsheet/spreadsheet.go:94.21,96.3 1 1
github.com/Iwark/spreadsheet/spreadsheet.go:98.20,100.3 1 1
github.com/Iwark/spreadsheet/spreadsheet.go:102.21,104.3 1 1
github.com/Iwark/spreadsheet/spreadsheet.go:109.16,111.3 1 0
github.com/Iwark/spreadsheet/spreadsheet.go:115.70,117.16 2 1
github.com/Iwark/spreadsheet/spreadsheet.go:121.2,123.16 3 1
github.com/Iwark/spreadsheet/spreadsheet.go:127.2,128.16 2 1
github.com/Iwark/spreadsheet/spreadsheet.go:132.2,132.12 1 1
github.com/Iwark/spreadsheet/spreadsheet.go:117.16,119.3 1 0
github.com/Iwark/spreadsheet/spreadsheet.go:123.16,125.3 1 0
github.com/Iwark/spreadsheet/spreadsheet.go:128.16,130.3 1 0
github.com/Iwark/spreadsheet/spreadsheet.go:146.95,148.29 2 1
github.com/Iwark/spreadsheet/spreadsheet.go:154.2,154.15 1 1
github.com/Iwark/spreadsheet/spreadsheet.go:158.2,165.16 3 1
github.com/Iwark/spreadsheet/spreadsheet.go:168.2,171.16 3 1
github.com/Iwark/spreadsheet/spreadsheet.go:174.2,176.16 3 1
github.com/Iwark/spreadsheet/spreadsheet.go:180.2,182.16 3 1
github.com/Iwark/spreadsheet/spreadsheet.go:185.2,187.19 2 1
github.com/Iwark/spreadsheet/spreadsheet.go:148.29,149.55 1 1
github.com/Iwark/spreadsheet/spreadsheet.go:149.55,151.9 2 1
github.com/Iwark/spreadsheet/spreadsheet.go:154.15,156.3 1 0
github.com/Iwark/spreadsheet/spreadsheet.go:165.16,167.3 1 0
github.com/Iwark/spreadsheet/spreadsheet.go:171.16,173.3 1 0
github.com/Iwark/spreadsheet/spreadsheet.go:176.16,178.3 1 0
github.com/Iwark/spreadsheet/spreadsheet.go:182.16,184.3 1 0
github.com/Iwark/spreadsheet/spreadsheet.go:191.55,192.30 1 1
github.com/Iwark/spreadsheet/spreadsheet.go:196.2,197.37 2 1
github.com/Iwark/spreadsheet/spreadsheet.go:200.2,200.16 1 1
github.com/Iwark/spreadsheet/spreadsheet.go:192.30,194.3 1 0
github.com/Iwark/spreadsheet/spreadsheet.go:197.37,199.3 1 0
github.com/Iwark/spreadsheet/spreadsheet.go:204.64,205.34 1 1
github.com/Iwark/spreadsheet/spreadsheet.go:213.2,213.64 1 0
github.com/Iwark/spreadsheet/spreadsheet.go:205.34,206.34 1 1
github.com/Iwark/spreadsheet/spreadsheet.go:206.34,207.38 1 1
github.com/Iwark/spreadsheet/spreadsheet.go:210.4,210.17 1 1
github.com/Iwark/spreadsheet/spreadsheet.go:207.38,209.5 1 0
github.com/Iwark/spreadsheet/spreadsheet.go:217.70,218.34 1 1
github.com/Iwark/spreadsheet/spreadsheet.go:227.2,227.70 1 0
github.com/Iwark/spreadsheet/spreadsheet.go:218.34,219.23 1 1
github.com/Iwark/spreadsheet/spreadsheet.go:219.23,221.18 2 1
github.com/Iwark/spreadsheet/spreadsheet.go:224.4,224.17 1 1
github.com/Iwark/spreadsheet/spreadsheet.go:221.18,223.5 1 0
github.com/Iwark/spreadsheet/spreadsheet.go:231.56,232.34 1 1
github.com/Iwark/spreadsheet/spreadsheet.go:237.2,237.14 1 1
github.com/Iwark/spreadsheet/spreadsheet.go:232.34,233.23 1 1
github.com/Iwark/spreadsheet/spreadsheet.go:233.23,235.4 1 0
github.com/Iwark/spreadsheet/spreadsheet.go:259.39,262.20 3 1
github.com/Iwark/spreadsheet/spreadsheet.go:265.2,267.62 3 1
github.com/Iwark/spreadsheet/spreadsheet.go:262.20,264.3 1 0
github.com/Iwark/spreadsheet/spreadsheet.go:270.33,271.29 1 1
github.com/Iwark/spreadsheet/spreadsheet.go:271.29,272.16 1 1
github.com/Iwark/spreadsheet/spreadsheet.go:273.3,274.25 1 1
github.com/Iwark/spreadsheet/spreadsheet.go:275.3,276.24 1 1
github.com/Iwark/spreadsheet/spreadsheet.go:277.3,278.23 1 1
github.com/Iwark/spreadsheet/spreadsheet.go:279.3,279.11 0 1
github.com/Iwark/spreadsheet/spreadsheet.go:284.51,289.16 5 1
github.com/Iwark/spreadsheet/spreadsheet.go:292.2,294.37 2 1
github.com/Iwark/spreadsheet/spreadsheet.go:303.2,304.36 2 1
github.com/Iwark/spreadsheet/spreadsheet.go:307.2,307.37 1 1
github.com/Iwark/spreadsheet/spreadsheet.go:310.2,312.12 2 1
github.com/Iwark/spreadsheet/spreadsheet.go:289.16,291.3 1 0
github.com/Iwark/spreadsheet/spreadsheet.go:294.37,296.34 2 1
github.com/Iwark/spreadsheet/spreadsheet.go:299.3,299.34 1 1
github.com/Iwark/spreadsheet/spreadsheet.go:296.34,298.4 1 1
github.com/Iwark/spreadsheet/spreadsheet.go:299.34,301.4 1 1
github.com/Iwark/spreadsheet/spreadsheet.go:304.36,306.3 1 1
github.com/Iwark/spreadsheet/spreadsheet.go:307.37,309.3 1 1
github.com/Iwark/spreadsheet/spreadsheet.go:316.38,318.16 2 1
github.com/Iwark/spreadsheet/spreadsheet.go:322.2,323.16 2 1
github.com/Iwark/spreadsheet/spreadsheet.go:326.2,328.16 3 1
github.com/Iwark/spreadsheet/spreadsheet.go:332.2,332.37 1 1
github.com/Iwark/spreadsheet/spreadsheet.go:339.2,339.12 1 1
github.com/Iwark/spreadsheet/spreadsheet.go:318.16,320.3 1 0
github.com/Iwark/spreadsheet/spreadsheet.go:323.16,325.3 1 0
github.com/Iwark/spreadsheet/spreadsheet.go:328.16,330.3 1 0
github.com/Iwark/spreadsheet/spreadsheet.go:332.37,333.20 1 1
github.com/Iwark/spreadsheet/spreadsheet.go:333.20,335.9 2 1
github.com/Iwark/spreadsheet/spreadsheet.go:343.42,350.22 6 1
github.com/Iwark/spreadsheet/spreadsheet.go:369.2,371.21 3 1
github.com/Iwark/spreadsheet/spreadsheet.go:374.2,374.12 1 1
github.com/Iwark/spreadsheet/spreadsheet.go:350.22,352.37 2 1
github.com/Iwark/spreadsheet/spreadsheet.go:359.3,359.38 1 1
github.com/Iwark/spreadsheet/spreadsheet.go:352.37,355.4 2 0
github.com/Iwark/spreadsheet/spreadsheet.go:355.4,358.4 2 1
github.com/Iwark/spreadsheet/spreadsheet.go:359.38,363.18 4 1
github.com/Iwark/spreadsheet/spreadsheet.go:366.4,366.7 1 1
github.com/Iwark/spreadsheet/spreadsheet.go:363.18,365.5 1 0
github.com/Iwark/spreadsheet/spreadsheet.go:371.21,373.3 1 0
github.com/Iwark/spreadsheet/spreadsheet.go:384.55,391.27 3 1
github.com/Iwark/spreadsheet/spreadsheet.go:405.2,408.16 4 1
github.com/Iwark/spreadsheet/spreadsheet.go:411.2,414.16 3 1
github.com/Iwark/spreadsheet/spreadsheet.go:417.2,419.16 3 1
github.com/Iwark/spreadsheet/spreadsheet.go:423.2,423.12 1 1
github.com/Iwark/spreadsheet/spreadsheet.go:391.27,399.17 8 1
github.com/Iwark/spreadsheet/spreadsheet.go:402.3,403.21 2 1
github.com/Iwark/spreadsheet/spreadsheet.go:399.17,401.4 1 0
github.com/Iwark/spreadsheet/spreadsheet.go:408.16,410.3 1 0
github.com/Iwark/spreadsheet/spreadsheet.go:414.16,416.3 1 0
github.com/Iwark/spreadsheet/spreadsheet.go:419.16,421.3 1 0
github.com/Iwark/spreadsheet/spreadsheet.go:455.39,457.40 2 1
github.com/Iwark/spreadsheet/spreadsheet.go:462.2,462.52 1 1
github.com/Iwark/spreadsheet/spreadsheet.go:457.40,458.20 1 0
github.com/Iwark/spreadsheet/spreadsheet.go:458.20,460.4 1 0
github.com/Iwark/spreadsheet/spreadsheet.go:467.43,470.2 2 0
github.com/Iwark/spreadsheet/spreadsheet.go:473.34,474.28 1 1
github.com/Iwark/spreadsheet/spreadsheet.go:479.2,479.11 1 0
github.com/Iwark/spreadsheet/spreadsheet.go:474.28,475.22 1 1
github.com/Iwark/spreadsheet/spreadsheet.go:475.22,477.4 1 1
